TN:
SF:src/lib/logger.ts
FNF:0
FNH:0
DA:3,1
DA:5,1
LF:2
LH:2
BRDA:7,0,0,0
BRDA:7,0,1,1
BRDA:9,1,0,1
BRDA:9,1,1,1
BRDA:15,2,0,0
BRDA:15,2,1,1
BRF:6
BRH:4
end_of_record
TN:
SF:src/lib/ai/ranking.ts
FN:1,rrf
FN:5,rankChunks
FN:24,(anonymous_2)
FN:33,(anonymous_3)
FN:48,(anonymous_4)
FN:60,(anonymous_5)
FN:61,(anonymous_6)
FN:86,(anonymous_7)
FNF:8
FNH:8
FNDA:13,rrf
FNDA:4,rankChunks
FNDA:4,(anonymous_2)
FNDA:2,(anonymous_3)
FNDA:1,(anonymous_4)
FNDA:8,(anonymous_5)
FNDA:8,(anonymous_6)
FNDA:1,(anonymous_7)
DA:2,13
DA:11,4
DA:20,4
DA:21,4
DA:24,4
DA:25,4
DA:33,4
DA:34,2
DA:35,1
DA:36,1
DA:37,1
DA:39,1
DA:47,4
DA:48,1
DA:54,4
DA:55,5
DA:57,5
DA:59,5
DA:60,8
DA:61,8
DA:63,5
DA:64,8
DA:67,5
DA:68,3
DA:69,2
DA:73,5
DA:74,5
DA:75,5
DA:76,5
DA:78,5
DA:79,5
DA:80,5
DA:82,5
DA:83,5
DA:86,4
DA:88,4
LF:36
LH:36
BRDA:1,0,0,13
BRDA:34,1,0,1
BRDA:34,1,1,1
BRDA:64,2,0,6
BRDA:64,2,1,2
BRDA:68,3,0,2
BRDA:68,3,1,1
BRDA:73,4,0,0
BRDA:73,4,1,5
BRDA:74,5,0,0
BRDA:74,5,1,5
BRDA:75,6,0,0
BRDA:75,6,1,5
BRDA:76,7,0,0
BRDA:76,7,1,5
BRDA:78,8,0,0
BRDA:78,8,1,5
BRDA:79,9,0,0
BRDA:79,9,1,5
BRDA:80,10,0,2
BRDA:80,10,1,3
BRF:21
BRH:15
end_of_record
TN:
SF:src/lib/knowledge/embeddings.ts
FN:3,getClient
FN:13,generateEmbedding
FNF:2
FNH:0
FNDA:0,getClient
FNDA:0,generateEmbedding
DA:4,0
DA:6,0
DA:7,0
DA:10,0
DA:14,0
DA:16,0
DA:21,0
LF:7
LH:0
BRDA:6,0,0,0
BRDA:6,0,1,0
BRF:2
BRH:0
end_of_record
TN:
SF:src/lib/knowledge/normalize.ts
FN:1,normalizePdfText
FNF:1
FNH:1
FNDA:8,normalizePdfText
DA:2,8
LF:1
LH:1
BRF:0
BRH:0
end_of_record
TN:
SF:src/lib/knowledge/repository.ts
FN:14,createDocument
FN:25,listDocuments
FN:52,getDocumentById
FN:83,deleteDocument
FN:96,createDocumentChunks
FN:103,(anonymous_5)
FN:112,getDocumentChunks
FN:120,updateChunkEmbedding
FN:136,searchSimilarChunks
FN:166,searchKeywordChunks
FN:228,(anonymous_10)
FN:246,getNeighborChunks
FNF:12
FNH:0
FNDA:0,createDocument
FNDA:0,listDocuments
FNDA:0,getDocumentById
FNDA:0,deleteDocument
FNDA:0,createDocumentChunks
FNDA:0,(anonymous_5)
FNDA:0,getDocumentChunks
FNDA:0,updateChunkEmbedding
FNDA:0,searchSimilarChunks
FNDA:0,searchKeywordChunks
FNDA:0,(anonymous_10)
FNDA:0,getNeighborChunks
DA:13,1
DA:17,0
DA:22,0
DA:26,0
DA:50,0
DA:53,0
DA:81,0
DA:84,0
DA:89,0
DA:100,0
DA:102,0
DA:103,0
DA:113,0
DA:124,0
DA:140,0
DA:142,0
DA:159,0
DA:171,0
DA:173,0
DA:174,0
DA:176,0
DA:184,0
DA:205,0
DA:215,0
DA:216,0
DA:225,0
DA:226,0
DA:228,0
DA:239,0
DA:251,0
DA:269,0
DA:270,0
DA:281,0
LF:33
LH:1
BRDA:81,0,0,0
BRDA:81,0,1,0
BRDA:100,1,0,0
BRDA:100,1,1,0
BRDA:138,2,0,0
BRDA:169,3,0,0
BRDA:173,4,0,0
BRDA:173,4,1,0
BRDA:209,5,0,0
BRDA:209,5,1,0
BRDA:215,6,0,0
BRDA:215,6,1,0
BRDA:225,7,0,0
BRDA:225,7,1,0
BRDA:249,8,0,0
BRDA:269,9,0,0
BRDA:269,9,1,0
BRF:17
BRH:0
end_of_record
TN:
SF:src/lib/knowledge/retriever.ts
FN:48,extractSearchTerms
FN:59,(anonymous_1)
FN:98,(anonymous_2)
FN:107,(anonymous_3)
FN:113,(anonymous_4)
FN:133,retrieveContext
FN:161,(anonymous_6)
FN:182,(anonymous_7)
FN:183,(anonymous_8)
FN:233,(anonymous_9)
FN:242,(anonymous_10)
FN:258,(anonymous_11)
FN:277,(anonymous_12)
FN:303,(anonymous_13)
FN:310,(anonymous_14)
FN:326,(anonymous_15)
FNF:16
FNH:5
FNDA:8,extractSearchTerms
FNDA:36,(anonymous_1)
FNDA:50,(anonymous_2)
FNDA:34,(anonymous_3)
FNDA:55,(anonymous_4)
FNDA:0,retrieveContext
FNDA:0,(anonymous_6)
FNDA:0,(anonymous_7)
FNDA:0,(anonymous_8)
FNDA:0,(anonymous_9)
FNDA:0,(anonymous_10)
FNDA:0,(anonymous_11)
FNDA:0,(anonymous_12)
FNDA:0,(anonymous_13)
FNDA:0,(anonymous_14)
FNDA:0,(anonymous_15)
DA:3,1
DA:11,1
DA:49,8
DA:56,8
DA:60,36
DA:68,8
DA:71,8
DA:72,29
DA:76,8
DA:77,22
DA:82,8
DA:98,8
DA:99,50
DA:102,50
DA:103,24
DA:107,34
DA:108,3
DA:112,23
DA:114,55
DA:118,23
DA:120,8
DA:121,0
DA:124,8
DA:125,0
DA:127,8
DA:134,0
DA:136,0
DA:138,0
DA:143,0
DA:152,0
DA:158,0
DA:159,0
DA:161,0
DA:175,0
DA:176,0
DA:178,0
DA:181,0
DA:182,0
DA:183,0
DA:185,0
DA:186,0
DA:187,0
DA:192,0
DA:193,0
DA:194,0
DA:199,0
DA:200,0
DA:203,0
DA:204,0
DA:207,0
DA:208,0
DA:211,0
DA:212,0
DA:215,0
DA:216,0
DA:219,0
DA:220,0
DA:224,0
DA:225,0
DA:228,0
DA:229,0
DA:233,0
DA:235,0
DA:236,0
DA:239,0
DA:240,0
DA:242,0
DA:256,0
DA:258,0
DA:259,0
DA:263,0
DA:264,0
DA:267,0
DA:268,0
DA:272,0
DA:274,0
DA:275,0
DA:277,0
DA:289,0
DA:291,0
DA:292,0
DA:298,0
DA:301,0
DA:303,0
DA:310,0
DA:311,0
DA:312,0
DA:317,0
DA:323,0
DA:324,0
DA:326,0
DA:334,0
DA:336,0
DA:338,0
DA:340,0
DA:341,0
DA:342,0
DA:345,0
DA:346,0
DA:348,0
DA:349,0
DA:359,0
LF:102
LH:23
BRDA:60,0,0,36
BRDA:60,0,1,28
BRDA:60,0,2,23
BRDA:102,1,0,24
BRDA:102,1,1,26
BRDA:107,2,0,3
BRDA:107,2,1,23
BRDA:114,3,0,55
BRDA:114,3,1,49
BRDA:120,4,0,0
BRDA:120,4,1,8
BRDA:124,5,0,0
BRDA:124,5,1,8
BRDA:158,6,0,0
BRDA:158,6,1,0
BRDA:186,7,0,0
BRDA:186,7,1,0
BRDA:193,8,0,0
BRDA:193,8,1,0
BRDA:199,9,0,0
BRDA:199,9,1,0
BRDA:203,10,0,0
BRDA:203,10,1,0
BRDA:207,11,0,0
BRDA:207,11,1,0
BRDA:211,12,0,0
BRDA:211,12,1,0
BRDA:215,13,0,0
BRDA:215,13,1,0
BRDA:219,14,0,0
BRDA:219,14,1,0
BRDA:224,15,0,0
BRDA:224,15,1,0
BRDA:235,16,0,0
BRDA:235,16,1,0
BRDA:239,17,0,0
BRDA:239,17,1,0
BRDA:245,18,0,0
BRDA:245,18,1,0
BRDA:246,19,0,0
BRDA:246,19,1,0
BRDA:263,20,0,0
BRDA:263,20,1,0
BRDA:274,21,0,0
BRDA:274,21,1,0
BRDA:311,22,0,0
BRDA:311,22,1,0
BRDA:323,23,0,0
BRDA:323,23,1,0
BRDA:341,24,0,0
BRDA:341,24,1,0
BRDA:348,25,0,0
BRDA:348,25,1,0
BRF:53
BRH:11
end_of_record
